This is tralics 2.15.1, a LaTeX to XML translator, running on MathBook Pro
Copyright INRIA/MIAOU/APICS/MARELLE 2002-2012, Jos\'e Grimm
Licensed under the CeCILL Free Software Licensing Agreement
Starting translation of file /var/folders/r3/_lry09r94nq7bwbv68tljfd00000gn/T/polytex20130911-73282-8zks27.tex.
Dummy default configuration file used.
Error signaled at line 14 of file /var/folders/r3/_lry09r94nq7bwbv68tljfd00000gn/T/polytex20130911-73282-8zks27.tex:
Undefined command \VerbatimFootnotes.
Tralics Warning: Unused global option
   14pt.
Error signaled at line 21 of file /var/folders/r3/_lry09r94nq7bwbv68tljfd00000gn/T/polytex20130911-73282-8zks27.tex:
Undefined command {Character # of catcode 6}; command code = 6.
Error signaled at line 25 of file /var/folders/r3/_lry09r94nq7bwbv68tljfd00000gn/T/polytex20130911-73282-8zks27.tex:
Undefined command {Character # of catcode 6}; command code = 6.
Bib stats: seen 0 entries.
Math stats: formulas 0, kernels 0, trivial 0, \mbox 0, large 0, small 0.
Buffer realloc 1, string 1390, size 13233, merge 0
Macros created 190, deleted 11; hash size 2383; foonotes 0.
Save stack +22 -22.
Attribute list search 1529(1505) found 1083 in 1128 elements (1120 at boot).
Number of ref 0, of used labels 0, of defined labels 0, of ext. ref. 0.
Output written on /var/folders/r3/_lry09r94nq7bwbv68tljfd00000gn/T/polytex20130911-73282-8zks27.xml (388 bytes).
There were 3 errors.
(For more information, see transcript file /var/folders/r3/_lry09r94nq7bwbv68tljfd00000gn/T/polytex20130911-73282-8zks27.log)
